

times in msec
 clock   self+sourced   self:  sourced script
 clock   elapsed:              other lines

000.005  000.005: --- NVIM STARTING ---
000.398  000.393: locale set
000.752  000.355: inits 1
000.776  000.024: window checked
000.781  000.004: parsing arguments
000.894  000.113: expanding arguments
000.944  000.050: inits 2
001.815  000.871: init highlight
001.920  000.105: waiting for UI
005.121  003.201: done waiting for UI
005.147  000.027: initialized screen early for UI
007.173  001.882  001.882: sourcing /home/hankel/.config/nvim/autoload/plug.vim
022.394  003.386  003.386: sourcing /home/hankel/.config/vim-plugged/vim-polyglot/ftdetect/polyglot.vim
022.589  012.316  008.930: sourcing /usr/share/nvim/runtime/filetype.vim
022.808  000.058  000.058: sourcing /usr/share/nvim/runtime/ftplugin.vim
022.977  000.045  000.045: sourcing /usr/share/nvim/runtime/indent.vim
023.904  000.599  000.599: sourcing /usr/share/nvim/runtime/syntax/syncolor.vim
024.055  000.877  000.279: sourcing /usr/share/nvim/runtime/syntax/synload.vim
024.093  001.039  000.162: sourcing /usr/share/nvim/runtime/syntax/syntax.vim
024.120  018.863  003.523: sourcing /home/hankel/.config/nvim/plugins.vim
024.280  000.035  000.035: sourcing /home/hankel/.config/nvim/nerdtree.vim
024.712  000.236  000.236: sourcing /home/hankel/.config/vim-plugged/coc.nvim/autoload/coc.vim
025.238  000.836  000.600: sourcing /home/hankel/.config/nvim/autocompletion.vim
025.433  000.058  000.058: sourcing /home/hankel/.config/nvim/statusline.vim
027.129  000.252  000.252: sourcing /usr/share/nvim/runtime/syntax/syncolor.vim
027.878  000.241  000.241: sourcing /usr/share/nvim/runtime/syntax/syncolor.vim
047.948  022.160  021.668: sourcing /home/hankel/.config/vim-plugged/base16-vim/colors/base16-tomorrow-night.vim
047.985  022.257  000.097: sourcing /home/hankel/.vimrc_background
047.999  022.440  000.182: sourcing /home/hankel/.config/nvim/settings.vim
048.685  000.396  000.396: sourcing /home/hankel/.config/vim-plugged/vim-which-key/autoload/which_key.vim
048.910  000.708  000.311: sourcing /home/hankel/.config/nvim/leader.vim
050.011  000.954  000.954: sourcing /home/hankel/.config/nvim/mappings.vim
050.258  000.039  000.039: sourcing /home/hankel/.config/nvim/markdown.vim
050.386  045.170  001.238: sourcing /home/hankel/.config/nvim/init.vim
050.392  000.074: sourcing vimrc file(s)
052.380  001.769  001.769: sourcing /home/hankel/.config/vim-plugged/vim-sneak/plugin/sneak.vim
053.168  000.171  000.171: sourcing /home/hankel/.config/vim-plugged/vim-airline/autoload/airline/init.vim
053.815  000.130  000.130: sourcing /home/hankel/.config/vim-plugged/vim-airline/autoload/airline/parts.vim
055.807  000.248  000.248: sourcing /home/hankel/.config/vim-plugged/vim-airline/autoload/airline/util.vim
055.944  003.424  002.876: sourcing /home/hankel/.config/vim-plugged/vim-airline/plugin/airline.vim
056.169  000.103  000.103: sourcing /home/hankel/.config/vim-plugged/vim-airline-themes/plugin/airline-themes.vim
056.459  000.170  000.170: sourcing /home/hankel/.config/vim-plugged/vim-which-key/plugin/which_key.vim
056.726  000.166  000.166: sourcing /home/hankel/.config/vim-plugged/neco-vim/plugin/necovim.vim
057.293  000.149  000.149: sourcing /home/hankel/.config/vim-plugged/coc.nvim/autoload/coc/rpc.vim
058.360  000.923  000.923: sourcing /home/hankel/.config/vim-plugged/coc.nvim/autoload/coc/util.vim
058.995  000.263  000.263: sourcing /home/hankel/.config/vim-plugged/coc.nvim/autoload/coc/client.vim
068.992  012.152  010.817: sourcing /home/hankel/.config/vim-plugged/coc.nvim/plugin/coc.vim
069.746  000.562  000.562: sourcing /home/hankel/.config/vim-plugged/vim-lsp-cxx-highlight/plugin/vim-lsp-cxx-highlight.vim
070.745  000.490  000.490: sourcing /usr/share/nvim/runtime/plugin/gzip.vim
070.840  000.031  000.031: sourcing /usr/share/nvim/runtime/plugin/health.vim
071.072  000.198  000.198: sourcing /usr/share/nvim/runtime/plugin/man.vim
072.057  000.497  000.497: sourcing /usr/share/nvim/runtime/pack/dist/opt/matchit/plugin/matchit.vim
072.132  001.005  000.508: sourcing /usr/share/nvim/runtime/plugin/matchit.vim
072.482  000.271  000.271: sourcing /usr/share/nvim/runtime/plugin/matchparen.vim
073.497  000.969  000.969: sourcing /usr/share/nvim/runtime/plugin/netrwPlugin.vim
073.897  000.316  000.316: sourcing /usr/share/nvim/runtime/plugin/rplugin.vim
074.248  000.288  000.288: sourcing /usr/share/nvim/runtime/plugin/shada.vim
074.359  000.053  000.053: sourcing /usr/share/nvim/runtime/plugin/spellfile.vim
074.762  000.354  000.354: sourcing /usr/share/nvim/runtime/plugin/tarPlugin.vim
074.966  000.149  000.149: sourcing /usr/share/nvim/runtime/plugin/tohtml.vim
075.054  000.041  000.041: sourcing /usr/share/nvim/runtime/plugin/tutor.vim
075.469  000.366  000.366: sourcing /usr/share/nvim/runtime/plugin/zipPlugin.vim
075.486  002.216: loading plugins
075.591  000.105: loading packages
076.618  000.809  000.809: sourcing /home/hankel/.config/vim-plugged/indentLine/after/plugin/indentLine.vim
076.673  000.273: loading after plugins
076.704  000.031: inits 3
079.300  002.596: reading ShaDa
080.240  000.374  000.374: sourcing /home/hankel/.config/vim-plugged/vim-airline/autoload/airline/extensions.vim
080.471  000.080  000.080: sourcing /home/hankel/.config/vim-plugged/vim-airline/autoload/airline/extensions/quickfix.vim
080.853  000.275  000.275: sourcing /home/hankel/.config/vim-plugged/vim-airline/autoload/airline.vim
081.117  000.054  000.054: sourcing /home/hankel/.config/vim-plugged/vim-airline/autoload/airline/extensions/netrw.vim
081.534  000.092  000.092: sourcing /home/hankel/.config/vim-plugged/vim-airline/autoload/airline/section.vim
082.076  000.276  000.276: sourcing /home/hankel/.config/vim-plugged/vim-airline/autoload/airline/highlighter.vim
082.346  001.081  000.714: sourcing /home/hankel/.config/vim-plugged/vim-airline/autoload/airline/extensions/term.vim
082.749  000.173  000.173: sourcing /home/hankel/.config/vim-plugged/vim-airline/autoload/airline/extensions/hunks.vim
083.252  000.080  000.080: sourcing /home/hankel/.config/vim-plugged/vim-airline/autoload/airline/extensions/coc.vim
083.633  000.165  000.165: sourcing /home/hankel/.config/vim-plugged/vim-airline/autoload/airline/extensions/whitespace.vim
143.714  000.097  000.097: sourcing /home/hankel/.config/vim-plugged/vim-airline/autoload/airline/extensions/wordcount.vim
143.883  000.024  000.024: sourcing /home/hankel/.config/vim-plugged/vim-airline/autoload/airline/extensions/keymap.vim
148.745  000.044  000.044: sourcing /home/hankel/.config/vim-plugged/vim-airline/autoload/airline/themes.vim
150.314  001.828  001.785: sourcing /home/hankel/.config/vim-plugged/vim-airline-themes/autoload/airline/themes/base16.vim
153.440  001.720  001.720: sourcing /home/hankel/.config/vim-plugged/vim-airline-themes/autoload/airline/themes/base16.vim
173.251  000.123  000.123: sourcing /home/hankel/.config/vim-plugged/vim-airline/autoload/airline/builder.vim
173.610  000.072  000.072: sourcing /home/hankel/.config/vim-plugged/vim-airline/autoload/airline/extensions/default.vim
194.767  109.319: opening buffers
194.972  000.088  000.088: sourcing /home/hankel/.config/vim-plugged/vim-lsp-cxx-highlight/autoload/lsp_cxx_hl/hl.vim
195.016  000.160: BufEnter autocommands
195.019  000.004: editing files in windows
195.327  000.100  000.100: sourcing /home/hankel/.config/vim-plugged/vim-lsp-cxx-highlight/autoload/lsp_cxx_hl.vim
195.800  000.389  000.389: sourcing /home/hankel/.config/vim-plugged/vim-lsp-cxx-highlight/autoload/lsp_cxx_hl/client/vim_lsp.vim
196.094  000.041  000.041: sourcing /home/hankel/.config/vim-plugged/vim-lsp-cxx-highlight/autoload/lsp_cxx_hl/client/LanguageClient.vim
196.336  000.034  000.034: sourcing /home/hankel/.config/vim-plugged/vim-lsp-cxx-highlight/autoload/lsp_cxx_hl/client/coc.vim
197.031  000.051  000.051: sourcing /home/hankel/.config/vim-plugged/vim-lsp-cxx-highlight/autoload/lsp_cxx_hl/client/nvim_lsp.vim
198.431  000.263  000.263: sourcing /home/hankel/.config/vim-plugged/vim-lsp-cxx-highlight/syntax/lsp_cxx_highlight.vim
198.550  002.653: VimEnter autocommands
198.553  000.003: UIEnter autocommands
198.578  000.025: before starting main loop
200.904  002.326: first screen update
200.909  000.005: --- NVIM STARTED ---
